<?xml version="1.0" encoding="UTF-8"?>
<!-- Generated by org.testng.reporters.JUnitReportReporter -->
<testsuite hostname="DESKTOP-BTP4EKH" failures="0" tests="7" name="testCases.Tc_003LoginTestDDT" time="48.825" errors="0" timestamp="2024-08-12T10:47:25 IST" skipped="0">
  <testcase classname="testCases.Tc_003LoginTestDDT" name="verifyloginDDT" time="12.432"/>
  <testcase classname="testCases.Tc_003LoginTestDDT" name="verifyloginDDT" time="2.364"/>
  <testcase classname="testCases.Tc_003LoginTestDDT" name="verifyloginDDT" time="4.015"/>
  <testcase classname="testCases.Tc_003LoginTestDDT" name="verifyloginDDT" time="3.179"/>
  <testcase classname="testCases.Tc_003LoginTestDDT" name="verifyloginDDT" time="13.082"/>
  <testcase classname="testCases.Tc_003LoginTestDDT" name="verifyloginDDT" time="1.725"/>
  <testcase classname="testCases.Tc_003LoginTestDDT" name="verifyloginDDT" time="12.028"/>
</testsuite> <!-- testCases.Tc_003LoginTestDDT -->
