<?xml version="1.0" encoding="UTF-8"?>
<!-- Generated by org.testng.reporters.JUnitReportReporter -->
<testsuite hostname="DESKTOP-BTP4EKH" failures="0" tests="1" name="testCases.TC_002Logintest" time="2.019" errors="0" timestamp="2024-08-22T11:57:38 IST" skipped="0">
  <testcase classname="testCases.TC_002Logintest" name="verifylogin" time="2.019"/>
</testsuite> <!-- testCases.TC_002Logintest -->
