<?xml version="1.0" encoding="UTF-8"?>
<!-- Generated by org.testng.reporters.JUnitReportReporter -->
<testsuite hostname="DESKTOP-BTP4EKH" failures="0" tests="1" name="testCases.Tc_001Accountregistration" time="5.078" errors="0" timestamp="2024-08-22T11:57:38 IST" skipped="0">
  <testcase classname="testCases.Tc_001Accountregistration" name="verfiyacctregsiter" time="5.078"/>
</testsuite> <!-- testCases.Tc_001Accountregistration -->
